<?xml version="1.0" encoding="UTF-8"?>
<!-- Generated by org.testng.reporters.JUnitReportReporter -->
<testsuite hostname="Denyss-MacBook-Pro.local" failures="0" tests="1" name="testhome.TestHomePage" time="9.908" errors="0" timestamp="2020-05-31T15:57:18 GMT-04:00" skipped="0">
  <testcase classname="testhome.TestHomePage" name="testSearchBox" time="9.908"/>
  <system-out/>
</testsuite> <!-- testhome.TestHomePage -->
