<?xml version="1.0" encoding="UTF-8"?>
<!-- Generated by org.testng.reporters.JUnitReportReporter -->
<testsuite hostname="Denyss-MBP.fios-router.home" failures="0" tests="1" name="testhome.TestHomePage" time="4.343" errors="0" timestamp="2020-05-29T23:14:38 GMT-04:00" skipped="0">
  <testcase classname="testhome.TestHomePage" name="testSearchBox" time="4.343"/>
  <system-out/>
</testsuite> <!-- testhome.TestHomePage -->
