<?xml version="1.0" encoding="UTF-8"?>
<!-- Generated by org.testng.reporters.JUnitReportReporter -->
<testsuite hostname="Denyss-MBP.fios-router.home" failures="0" tests="1" name="testhome.TestHomePage" time="7.377" errors="0" timestamp="2020-05-30T23:57:26 GMT-04:00" skipped="0">
  <testcase classname="testhome.TestHomePage" name="testSearchBox" time="7.377"/>
  <system-out/>
</testsuite> <!-- testhome.TestHomePage -->
